#
# There is insufficient memory for the Java Runtime Environment to continue.
# Native memory allocation (malloc) failed to allocate 32744 bytes for ChunkPool::allocate
# Possible reasons:
#   The system is out of physical RAM or swap space
#   In 32 bit mode, the process size limit was hit
# Possible solutions:
#   Reduce memory load on the system
#   Increase physical memory or swap space
#   Check if swap backing store is full
#   Use 64 bit Java on a 64 bit OS
#   Decrease Java heap size (-Xmx/-Xms)
#   Decrease number of Java threads
#   Decrease Java thread stack sizes (-Xss)
#   Set larger code cache with -XX:ReservedCodeCacheSize=
# This output file may be truncated or incomplete.
#
#  Out of Memory Error (allocation.cpp:273), pid=2504, tid=0x00000000000023fc
#
# JRE version: Java(TM) SE Runtime Environment (8.0_152-b16) (build 1.8.0_152-b16)
# Java VM: Java HotSpot(TM) 64-Bit Server VM (25.152-b16 mixed mode windows-amd64 compressed oops)
# Failed to write core dump. Minidumps are not enabled by default on client versions of Windows
#

---------------  T H R E A D  ---------------

Current thread (0x000000001e5d3000):  JavaThread "C1 CompilerThread3" daemon [_thread_in_native, id=9212, stack(0x000000001f120000,0x000000001f220000)]

Stack: [0x000000001f120000,0x000000001f220000]
[error occurred during error reporting (printing stack bounds), id 0xc0000005]

Native frames: (J=compiled Java code, j=interpreted, Vv=VM code, C=native code)


Current CompileTask:
C1:    485  448       3       java.util.StringTokenizer::scanToken (179 bytes)


---------------  P R O C E S S  ---------------

Java Threads: ( => current thread )
  0x000000001e5fe000 JavaThread "Service Thread" daemon [_thread_blocked, id=16316, stack(0x000000001f220000,0x000000001f320000)]
=>0x000000001e5d3000 JavaThread "C1 CompilerThread3" daemon [_thread_in_native, id=9212, stack(0x000000001f120000,0x000000001f220000)]
  0x000000001e5cd000 JavaThread "C2 CompilerThread2" daemon [_thread_in_native, id=11684, stack(0x000000001f020000,0x000000001f120000)]
  0x000000001e5c4000 JavaThread "C2 CompilerThread1" daemon [_thread_in_native, id=6944, stack(0x000000001ef20000,0x000000001f020000)]
  0x000000001e5c3000 JavaThread "C2 CompilerThread0" daemon [_thread_in_native, id=10408, stack(0x000000001ee20000,0x000000001ef20000)]
  0x000000001e5c1800 JavaThread "Monitor Ctrl-Break" daemon [_thread_in_native, id=15104, stack(0x000000001ed20000,0x000000001ee20000)]
  0x000000001e55b800 JavaThread "Attach Listener" daemon [_thread_blocked, id=2212, stack(0x000000001ec20000,0x000000001ed20000)]
  0x000000001c65e800 JavaThread "Signal Dispatcher" daemon [_thread_blocked, id=7348, stack(0x000000001eb20000,0x000000001ec20000)]
  0x000000001e540800 JavaThread "Finalizer" daemon [_thread_blocked, id=4936, stack(0x000000001e920000,0x000000001ea20000)]
  0x0000000002b2e800 JavaThread "Reference Handler" daemon [_thread_blocked, id=2576, stack(0x000000001e420000,0x000000001e520000)]
  0x0000000002a32800 JavaThread "main" [_thread_in_native, id=1288, stack(0x0000000002930000,0x0000000002a30000)]

Other Threads:
  0x000000001c64a000 VMThread [stack: 0x000000001e320000,0x000000001e420000] [id=3416]
  0x000000001e5f3000 WatcherThread [stack: 0x000000001f320000,0x000000001f420000] [id=15460]

VM state:not at safepoint (normal execution)

VM Mutex/Monitor currently owned by a thread: None

Heap:
 PSYoungGen      total 76288K, used 19694K [0x000000076b400000, 0x0000000770900000, 0x00000007c0000000)
  eden space 65536K, 30% used [0x000000076b400000,0x000000076c73ba68,0x000000076f400000)
  from space 10752K, 0% used [0x000000076fe80000,0x000000076fe80000,0x0000000770900000)
  to   space 10752K, 0% used [0x000000076f400000,0x000000076f400000,0x000000076fe80000)
 ParOldGen       total 175104K, used 0K [0x00000006c1c00000, 0x00000006cc700000, 0x000000076b400000)
  object space 175104K, 0% used [0x00000006c1c00000,0x00000006c1c00000,0x00000006cc700000)
 Metaspace       used 6244K, capacity 6384K, committed 6528K, reserved 1056768K
  class space    used 742K, capacity 784K, committed 896K, reserved 1048576K

Card table byte_map: [0x0000000011ff0000,0x00000000127f0000] byte_map_base: 0x000000000e9e2000

Marking Bits: (ParMarkBitMap*) 0x0000000066500860
 Begin Bits: [0x0000000013540000, 0x00000000174d0000)
 End Bits:   [0x00000000174d0000, 0x000000001b460000)

Polling page: 0x00000000026f0000

CodeCache: size=245760Kb used=2312Kb max_used=2339Kb free=243447Kb
 bounds [0x0000000002c30000, 0x0000000002ea0000, 0x0000000011c30000]
 total_blobs=726 nmethods=442 adapters=197
 compilation: enabled

Compilation events (10 events):
Event: 0.474 Thread 0x000000001e5d3000 nmethod 440 0x0000000002e6b690 code [0x0000000002e6b800, 0x0000000002e6ba10]
Event: 0.476 Thread 0x000000001e5d3000  442       3       sun.util.locale.LocaleUtils::isUpper (18 bytes)
Event: 0.477 Thread 0x000000001e5d3000 nmethod 442 0x0000000002e6bad0 code [0x0000000002e6bc20, 0x0000000002e6bdf0]
Event: 0.481 Thread 0x000000001e5d3000  443       3       java.util.ArrayList::iterator (9 bytes)
Event: 0.481 Thread 0x000000001e5d3000 nmethod 443 0x0000000002e6be50 code [0x0000000002e6bfc0, 0x0000000002e6c250]
Event: 0.481 Thread 0x000000001e5d3000  444       3       java.util.ArrayList$Itr::<init> (26 bytes)
Event: 0.481 Thread 0x000000001e5d3000 nmethod 444 0x0000000002e6c350 code [0x0000000002e6c4c0, 0x0000000002e6c6b0]
Event: 0.482 Thread 0x000000001e5d3000  445       3       java.io.DataInputStream::readInt (72 bytes)
Event: 0.482 Thread 0x000000001e5d3000 nmethod 445 0x0000000002e6c790 code [0x0000000002e6c940, 0x0000000002e6cea8]
Event: 0.483 Thread 0x000000001e5d3000  448       3       java.util.StringTokenizer::scanToken (179 bytes)

GC Heap History (0 events):
No events

Deoptimization events (1 events):
Event: 0.434 Thread 0x0000000002a32800 Uncommon trap: reason=null_check action=make_not_entrant pc=0x0000000002d3f0bc method=java.lang.String.equals(Ljava/lang/Object;)Z @ 8

Classes redefined (0 events):
No events

Internal exceptions (9 events):
Event: 0.035 Thread 0x0000000002a32800 Exception <a 'java/lang/NoSuchMethodError': Method sun.misc.Unsafe.defineClass(Ljava/lang/String;[BII)Ljava/lang/Class; name or signature does not match> (0x000000076b407ca8) thrown at [C:\re\workspace\8-2-build-windows-amd64-cygwin\jdk8u152\9742\hotspot\
Event: 0.035 Thread 0x0000000002a32800 Exception <a 'java/lang/NoSuchMethodError': Method sun.misc.Unsafe.prefetchRead(Ljava/lang/Object;J)V name or signature does not match> (0x000000076b407f90) thrown at [C:\re\workspace\8-2-build-windows-amd64-cygwin\jdk8u152\9742\hotspot\src\share\vm\prims
Event: 0.242 Thread 0x0000000002a32800 Exception <a 'java/io/FileNotFoundException'> (0x000000076ba171f0) thrown at [C:\re\workspace\8-2-build-windows-amd64-cygwin\jdk8u152\9742\hotspot\src\share\vm\prims\jni.cpp, line 709]
Event: 0.252 Thread 0x0000000002a32800 Exception <a 'java/security/PrivilegedActionException'> (0x000000076ba770a8) thrown at [C:\re\workspace\8-2-build-windows-amd64-cygwin\jdk8u152\9742\hotspot\src\share\vm\prims\jvm.cpp, line 1390]
Event: 0.252 Thread 0x0000000002a32800 Exception <a 'java/security/PrivilegedActionException'> (0x000000076ba772b8) thrown at [C:\re\workspace\8-2-build-windows-amd64-cygwin\jdk8u152\9742\hotspot\src\share\vm\prims\jvm.cpp, line 1390]
Event: 0.252 Thread 0x0000000002a32800 Exception <a 'java/security/PrivilegedActionException'> (0x000000076ba7b1c8) thrown at [C:\re\workspace\8-2-build-windows-amd64-cygwin\jdk8u152\9742\hotspot\src\share\vm\prims\jvm.cpp, line 1390]
Event: 0.252 Thread 0x0000000002a32800 Exception <a 'java/security/PrivilegedActionException'> (0x000000076ba7b3d8) thrown at [C:\re\workspace\8-2-build-windows-amd64-cygwin\jdk8u152\9742\hotspot\src\share\vm\prims\jvm.cpp, line 1390]
Event: 0.434 Thread 0x0000000002a32800 Implicit null exception at 0x0000000002d3eed5 to 0x0000000002d3f0ad
Event: 0.446 Thread 0x0000000002a32800 Exception <a 'java/io/FileNotFoundException'> (0x000000076c551d70) thrown at [C:\re\workspace\8-2-build-windows-amd64-cygwin\jdk8u152\9742\hotspot\src\share\vm\prims\jni.cpp, line 709]

Events (10 events):
Event: 0.482 loading class java/util/Currency$1 done
Event: 0.482 loading class sun/util/locale/provider/CurrencyNameProviderImpl
Event: 0.482 loading class sun/util/locale/provider/CurrencyNameProviderImpl done
Event: 0.483 loading class java/util/Currency$CurrencyNameGetter
Event: 0.483 loading class java/util/Currency$CurrencyNameGetter done
Event: 0.483 loading class sun/util/resources/CurrencyNames
Event: 0.483 loading class sun/util/resources/CurrencyNames done
Event: 0.483 loading class sun/util/resources/en/CurrencyNames_en_US
Event: 0.483 loading class sun/util/resources/en/CurrencyNames_en_US done
Event: 0.484 loading class java/text/DecimalFormat


Dynamic libraries:
0x00007ff603770000 - 0x00007ff6037a7000 	C:\Program Files\Java\jdk1.8.0_152\bin\java.exe
0x00007ff860260000 - 0x00007ff860450000 	C:\WINDOWS\SYSTEM32\ntdll.dll
0x00007ff85f670000 - 0x00007ff85f722000 	C:\WINDOWS\System32\KERNEL32.DLL
0x00007ff85d230000 - 0x00007ff85d4d3000 	C:\WINDOWS\System32\KERNELBASE.dll
0x00007ff85ec70000 - 0x00007ff85ed13000 	C:\WINDOWS\System32\ADVAPI32.dll
0x00007ff85f400000 - 0x00007ff85f49e000 	C:\WINDOWS\System32\msvcrt.dll
0x00007ff85e4d0000 - 0x00007ff85e567000 	C:\WINDOWS\System32\sechost.dll
0x00007ff85e3b0000 - 0x00007ff85e4d0000 	C:\WINDOWS\System32\RPCRT4.dll
0x00007ff85fac0000 - 0x00007ff85fc53000 	C:\WINDOWS\System32\USER32.dll
0x00007ff85d200000 - 0x00007ff85d221000 	C:\WINDOWS\System32\win32u.dll
0x00007ff85e380000 - 0x00007ff85e3a6000 	C:\WINDOWS\System32\GDI32.dll
0x00007ff85e180000 - 0x00007ff85e314000 	C:\WINDOWS\System32\gdi32full.dll
0x00007ff85d6c0000 - 0x00007ff85d75e000 	C:\WINDOWS\System32\msvcp_win.dll
0x00007ff85d510000 - 0x00007ff85d60a000 	C:\WINDOWS\System32\ucrtbase.dll
0x00007ff8533b0000 - 0x00007ff853635000 	C:\WINDOWS\WinSxS\amd64_microsoft.windows.common-controls_6595b64144ccf1df_6.0.18362.239_none_e6c7aebd130c7608\COMCTL32.dll
0x00007ff85f780000 - 0x00007ff85fab6000 	C:\WINDOWS\System32\combase.dll
0x00007ff85dee0000 - 0x00007ff85df60000 	C:\WINDOWS\System32\bcryptPrimitives.dll
0x00007ff85f730000 - 0x00007ff85f75e000 	C:\WINDOWS\System32\IMM32.DLL
0x0000000066580000 - 0x0000000066652000 	C:\Program Files\Java\jdk1.8.0_152\jre\bin\msvcr100.dll
0x0000000065ce0000 - 0x0000000066580000 	C:\Program Files\Java\jdk1.8.0_152\jre\bin\server\jvm.dll
0x00007ff85e570000 - 0x00007ff85e578000 	C:\WINDOWS\System32\PSAPI.DLL
0x00007ff857b70000 - 0x00007ff857b7a000 	C:\WINDOWS\SYSTEM32\VERSION.dll
0x00007ff857ce0000 - 0x00007ff857d04000 	C:\WINDOWS\SYSTEM32\WINMM.dll
0x00007ff8445d0000 - 0x00007ff8445d9000 	C:\WINDOWS\SYSTEM32\WSOCK32.dll
0x00007ff860130000 - 0x00007ff86019f000 	C:\WINDOWS\System32\WS2_32.dll
0x00007ff857cb0000 - 0x00007ff857cdd000 	C:\WINDOWS\SYSTEM32\winmmbase.dll
0x00007ff85e0b0000 - 0x00007ff85e0fa000 	C:\WINDOWS\System32\cfgmgr32.dll
0x0000000066720000 - 0x000000006672f000 	C:\Program Files\Java\jdk1.8.0_152\jre\bin\verify.dll
0x00000000666f0000 - 0x0000000066719000 	C:\Program Files\Java\jdk1.8.0_152\jre\bin\java.dll
0x00000000671d0000 - 0x00000000671f3000 	C:\Program Files\Java\jdk1.8.0_152\jre\bin\instrument.dll
0x00000000666d0000 - 0x00000000666e6000 	C:\Program Files\Java\jdk1.8.0_152\jre\bin\zip.dll
0x00007ff85ed20000 - 0x00007ff85f400000 	C:\WINDOWS\System32\SHELL32.dll
0x00007ff85e7e0000 - 0x00007ff85e889000 	C:\WINDOWS\System32\shcore.dll
0x00007ff85d760000 - 0x00007ff85dedb000 	C:\WINDOWS\System32\windows.storage.dll
0x00007ff85d1e0000 - 0x00007ff85d1ff000 	C:\WINDOWS\System32\profapi.dll
0x00007ff85d170000 - 0x00007ff85d1ba000 	C:\WINDOWS\System32\powrprof.dll
0x00007ff85d140000 - 0x00007ff85d150000 	C:\WINDOWS\System32\UMPDC.dll
0x00007ff85fc60000 - 0x00007ff85fcb2000 	C:\WINDOWS\System32\shlwapi.dll
0x00007ff85d150000 - 0x00007ff85d161000 	C:\WINDOWS\System32\kernel.appcore.dll
0x00007ff85e100000 - 0x00007ff85e117000 	C:\WINDOWS\System32\cryptsp.dll
0x00007ff858ab0000 - 0x00007ff858aca000 	C:\Program Files\JetBrains\IntelliJ IDEA 2018.3.4\bin\breakgen64.dll
0x00000000666b0000 - 0x00000000666ca000 	C:\Program Files\Java\jdk1.8.0_152\jre\bin\net.dll
0x00007ff85c9b0000 - 0x00007ff85ca17000 	C:\WINDOWS\system32\mswsock.dll

VM Arguments:
jvm_args: -ea -Didea.test.cyclic.buffer.size=1048576 -javaagent:C:\Program Files\JetBrains\IntelliJ IDEA 2018.3.4\lib\idea_rt.jar=15922:C:\Program Files\JetBrains\IntelliJ IDEA 2018.3.4\bin -Dfile.encoding=UTF-8 
java_command: com.intellij.rt.execution.junit.JUnitStarter -ideVersion5 -junit4 com.finartz.security.app.Tests,NewGuestAdd
java_class_path (initial): C:\Program Files\JetBrains\IntelliJ IDEA 2018.3.4\lib\idea_rt.jar;C:\Program Files\JetBrains\IntelliJ IDEA 2018.3.4\plugins\junit\lib\junit-rt.jar;C:\Program Files\JetBrains\IntelliJ IDEA 2018.3.4\plugins\junit\lib\junit5-rt.jar;C:\Program Files\Java\jdk1.8.0_152\jre\lib\charsets.jar;C:\Program Files\Java\jdk1.8.0_152\jre\lib\deploy.jar;C:\Program Files\Java\jdk1.8.0_152\jre\lib\ext\access-bridge-64.jar;C:\Program Files\Java\jdk1.8.0_152\jre\lib\ext\cldrdata.jar;C:\Program Files\Java\jdk1.8.0_152\jre\lib\ext\dnsns.jar;C:\Program Files\Java\jdk1.8.0_152\jre\lib\ext\jaccess.jar;C:\Program Files\Java\jdk1.8.0_152\jre\lib\ext\jfxrt.jar;C:\Program Files\Java\jdk1.8.0_152\jre\lib\ext\localedata.jar;C:\Program Files\Java\jdk1.8.0_152\jre\lib\ext\nashorn.jar;C:\Program Files\Java\jdk1.8.0_152\jre\lib\ext\sunec.jar;C:\Program Files\Java\jdk1.8.0_152\jre\lib\ext\sunjce_provider.jar;C:\Program Files\Java\jdk1.8.0_152\jre\lib\ext\sunmscapi.jar;C:\Program Files\Java\jdk1.8.0_152\jre\lib\ext\sunpkcs11.jar;C:\Program Files\Java\jdk1.8.0_152\jre\lib\ext\zipfs.jar;C:\Program Files\Java\jdk1.8.0_152\jre\lib\javaws.jar;C:\Program Files\Java\jdk1.8.0_152\jre\lib\jce.jar;C:\Program Files\Java\jdk1.8.0_152\jre\lib\jfr.jar;C:\Program Files\Java\jdk1.8.0_152\jre\lib\jfxswt.jar;C:\Program Files\Java\jdk1.8.0_152\jre\lib\jsse.jar;C:\Program Files\Java\jdk1.8.0_152\jre\lib\management-agent.jar;C:\Program Files\Java\jdk1.8.0_152\jre\lib\plugin.jar;C:\Program Files\Java\jdk1.8.0_152\jre\lib\resources.jar;C:\Program Files\Java\jdk1.8.0_152\jre\lib\rt.jar;C:\Program Files\Java\jdk1.8.0_152\jre\lib\security\local_policy.jar;C:\Program Files\Java\jdk1.8.0_152\jre\lib\security\US_export_policy.jar;D:\Belgelerim\Intellij Workspace\finartz\guest-app\target\test-classes;D:\Belgelerim\Intellij Workspace\finartz\guest-app\target\classes;C:\Users\SaWLeaDeR\.m2\repository\org\springframework\boot\spring-boot-starter-thymeleaf\2.0.0.RELEASE\spring-boot-starter-thymeleaf-2.0.0.RE
Launcher Type: SUN_STANDARD

Environment Variables:
JAVA_HOME=C:\Program Files\Java\jdk1.8.0_152
CLASSPATH=C:\Program Files\Java\jdk1.8.0_152\bin;C:\Program Files\Java\jre1.8.0_211\bin;C:\Program Files\apache-maven-3.6.1\bin;
USERNAME=SaWLeaDeR
OS=Windows_NT
PROCESSOR_IDENTIFIER=Intel64 Family 6 Model 158 Stepping 9, GenuineIntel



---------------  S Y S T E M  ---------------

OS: Windows 10.0 , 64 bit Build 18362 (10.0.18362.86)

CPU:total 8 (initial active 8) (4 cores per cpu, 2 threads per core) family 6 model 158 stepping 9, cmov, cx8, fxsr, mmx, sse, sse2, sse3, ssse3, sse4.1, sse4.2, popcnt, avx, avx2, aes, clmul, erms, 3dnowpref, lzcnt, ht, tsc, tscinvbit, bmi1, bmi2, adx

Memory: 4k page, physical 16659596k(5604560k free), swap 16659596k(4116k free)

vm_info: Java HotSpot(TM) 64-Bit Server VM (25.152-b16) for windows-amd64 JRE (1.8.0_152-b16), built on Sep 14 2017 02:29:36 by "java_re" with MS VC++ 10.0 (VS2010)

time: Thu Jul 18 13:14:35 2019
elapsed time: 0 seconds (0d 0h 0m 0s)

